#
# There is insufficient memory for the Java Runtime Environment to continue.
# Native memory allocation (malloc) failed to allocate 371856 bytes for Chunk::new
# Possible reasons:
#   The system is out of physical RAM or swap space
#   In 32 bit mode, the process size limit was hit
# Possible solutions:
#   Reduce memory load on the system
#   Increase physical memory or swap space
#   Check if swap backing store is full
#   Use 64 bit Java on a 64 bit OS
#   Decrease Java heap size (-Xmx/-Xms)
#   Decrease number of Java threads
#   Decrease Java thread stack sizes (-Xss)
#   Set larger code cache with -XX:ReservedCodeCacheSize=
# This output file may be truncated or incomplete.
#
#  Out of Memory Error (allocation.cpp:390), pid=5660, tid=0x0000000000002a5c
#
# JRE version: Java(TM) SE Runtime Environment (8.0_101-b13) (build 1.8.0_101-b13)
# Java VM: Java HotSpot(TM) 64-Bit Server VM (25.101-b13 mixed mode windows-amd64 compressed oops)
# Failed to write core dump. Minidumps are not enabled by default on client versions of Windows
#

---------------  T H R E A D  ---------------

Current thread (0x0000000017575800):  JavaThread "C2 CompilerThread0" daemon [_thread_in_native, id=10844, stack(0x0000000017aa0000,0x0000000017ba0000)]

Stack: [0x0000000017aa0000,0x0000000017ba0000]
[error occurred during error reporting (printing stack bounds), id 0xc0000005]

Native frames: (J=compiled Java code, j=interpreted, Vv=VM code, C=native code)


Current CompileTask:
C2:   3772 1212   !   4       java.lang.ClassLoader::loadClass (122 bytes)


---------------  P R O C E S S  ---------------

Java Threads: ( => current thread )
  0x00000000192a6000 JavaThread "Stdin handler" [_thread_blocked, id=9948, stack(0x000000001ac10000,0x000000001ad10000)]
  0x00000000192ad000 JavaThread "Asynchronous log dispatcher for DefaultDaemonConnection: socket connection from /127.0.0.1:53496 to /127.0.0.1:53498" [_thread_blocked, id=10292, stack(0x000000001aa80000,0x000000001ab80000)]
  0x00000000192ab800 JavaThread "Daemon worker" [_thread_in_vm, id=11156, stack(0x000000001a900000,0x000000001aa00000)]
  0x00000000192a9800 JavaThread "Cancel handler" [_thread_blocked, id=8012, stack(0x000000001a770000,0x000000001a870000)]
  0x0000000019208000 JavaThread "Handler for socket connection from /127.0.0.1:53496 to /127.0.0.1:53498" [_thread_in_native, id=9352, stack(0x000000001a610000,0x000000001a710000)]
  0x0000000019264000 JavaThread "Daemon" [_thread_blocked, id=9704, stack(0x0000000019b60000,0x0000000019c60000)]
  0x000000001923c000 JavaThread "Incoming local TCP Connector on port 53496" [_thread_in_native, id=652, stack(0x000000001a180000,0x000000001a280000)]
  0x0000000018fa3000 JavaThread "pool-1-thread-1" [_thread_blocked, id=6140, stack(0x0000000019e20000,0x0000000019f20000)]
  0x00000000175e6800 JavaThread "Service Thread" daemon [_thread_blocked, id=8372, stack(0x0000000018110000,0x0000000018210000)]
  0x00000000175c1000 JavaThread "C1 CompilerThread2" daemon [_thread_blocked, id=10988, stack(0x0000000017e70000,0x0000000017f70000)]
  0x000000001757b000 JavaThread "C2 CompilerThread1" daemon [_thread_blocked, id=6216, stack(0x0000000017c30000,0x0000000017d30000)]
=>0x0000000017575800 JavaThread "C2 CompilerThread0" daemon [_thread_in_native, id=10844, stack(0x0000000017aa0000,0x0000000017ba0000)]
  0x0000000017570800 JavaThread "Attach Listener" daemon [_thread_blocked, id=5292, stack(0x0000000016f20000,0x0000000017020000)]
  0x0000000015fe3800 JavaThread "Signal Dispatcher" daemon [_thread_blocked, id=5516, stack(0x0000000017970000,0x0000000017a70000)]
  0x0000000015fcb800 JavaThread "Finalizer" daemon [_thread_blocked, id=10444, stack(0x0000000017470000,0x0000000017570000)]
  0x0000000015f84800 JavaThread "Reference Handler" daemon [_thread_blocked, id=9204, stack(0x00000000172a0000,0x00000000173a0000)]
  0x0000000001de8800 JavaThread "main" [_thread_blocked, id=10588, stack(0x00000000020e0000,0x00000000021e0000)]

Other Threads:
  0x0000000015f7d000 VMThread [stack: 0x00000000170c0000,0x00000000171c0000] [id=6496]
  0x00000000175ef000 WatcherThread [stack: 0x0000000018280000,0x0000000018380000] [id=5920]

VM state:not at safepoint (normal execution)

VM Mutex/Monitor currently owned by a thread: None

Heap:
 PSYoungGen      total 56320K, used 35206K [0x00000000e0000000, 0x00000000e3e80000, 0x0000000100000000)
  eden space 48640K, 59% used [0x00000000e0000000,0x00000000e1c70180,0x00000000e2f80000)
  from space 7680K, 79% used [0x00000000e2f80000,0x00000000e35718b0,0x00000000e3700000)
  to   space 7680K, 0% used [0x00000000e3700000,0x00000000e3700000,0x00000000e3e80000)
 ParOldGen       total 128512K, used 8K [0x00000000a0000000, 0x00000000a7d80000, 0x00000000e0000000)
  object space 128512K, 0% used [0x00000000a0000000,0x00000000a0002000,0x00000000a7d80000)
 Metaspace       used 13769K, capacity 14054K, committed 14080K, reserved 1060864K
  class space    used 1916K, capacity 2030K, committed 2048K, reserved 1048576K

Card table byte_map: [0x0000000011870000,0x0000000011b80000] byte_map_base: 0x0000000011370000

Marking Bits: (ParMarkBitMap*) 0x0000000051b8a6d0
 Begin Bits: [0x00000000122f0000, 0x0000000013af0000)
 End Bits:   [0x0000000013af0000, 0x00000000152f0000)

Polling page: 0x0000000000310000

CodeCache: size=245760Kb used=4280Kb max_used=4291Kb free=241480Kb
 bounds [0x00000000024b0000, 0x00000000028f0000, 0x00000000114b0000]
 total_blobs=1610 nmethods=1228 adapters=295
 compilation: enabled

Compilation events (10 events):
Event: 3.742 Thread 0x00000000175c1000 nmethod 1225 0x00000000028dc850 code [0x00000000028dc9e0, 0x00000000028dce58]
Event: 3.742 Thread 0x00000000175c1000 1227       3       sun.reflect.ReflectionFactory::inflationThreshold (4 bytes)
Event: 3.742 Thread 0x00000000175c1000 nmethod 1227 0x00000000028dcf50 code [0x00000000028dd0a0, 0x00000000028dd1d0]
Event: 3.751 Thread 0x000000001757b000 nmethod 1222 0x00000000028e08d0 code [0x00000000028e0a40, 0x00000000028e1478]
Event: 3.751 Thread 0x000000001757b000 1226       4       org.gradle.internal.service.DefaultServiceRegistry$SingletonService::getService (21 bytes)
Event: 3.755 Thread 0x000000001757b000 nmethod 1226 0x00000000028e19d0 code [0x00000000028e1b40, 0x00000000028e1f08]
Event: 3.755 Thread 0x000000001757b000 1228       4       org.gradle.internal.service.DefaultServiceRegistry$ClassSpec::isSatisfiedBy (9 bytes)
Event: 3.759 Thread 0x000000001757b000 nmethod 1228 0x00000000028dd250 code [0x00000000028dd3c0, 0x00000000028dd698]
Event: 3.767 Thread 0x000000001757b000 1229       4       java.nio.DirectLongBufferU::put (18 bytes)
Event: 3.768 Thread 0x000000001757b000 nmethod 1229 0x00000000028dd9d0 code [0x00000000028ddb00, 0x00000000028ddb98]

GC Heap History (2 events):
Event: 3.098 GC heap before
{Heap before GC invocations=1 (full 0):
 PSYoungGen      total 56320K, used 48640K [0x00000000e0000000, 0x00000000e3e80000, 0x0000000100000000)
  eden space 48640K, 100% used [0x00000000e0000000,0x00000000e2f80000,0x00000000e2f80000)
  from space 7680K, 0% used [0x00000000e3700000,0x00000000e3700000,0x00000000e3e80000)
  to   space 7680K, 0% used [0x00000000e2f80000,0x00000000e2f80000,0x00000000e3700000)
 ParOldGen       total 128512K, used 0K [0x00000000a0000000, 0x00000000a7d80000, 0x00000000e0000000)
  object space 128512K, 0% used [0x00000000a0000000,0x00000000a0000000,0x00000000a7d80000)
 Metaspace       used 8799K, capacity 8998K, committed 9216K, reserved 1056768K
  class space    used 1157K, capacity 1249K, committed 1280K, reserved 1048576K
Event: 3.124 GC heap after
Heap after GC invocations=1 (full 0):
 PSYoungGen      total 56320K, used 6086K [0x00000000e0000000, 0x00000000e3e80000, 0x0000000100000000)
  eden space 48640K, 0% used [0x00000000e0000000,0x00000000e0000000,0x00000000e2f80000)
  from space 7680K, 79% used [0x00000000e2f80000,0x00000000e35718b0,0x00000000e3700000)
  to   space 7680K, 0% used [0x00000000e3700000,0x00000000e3700000,0x00000000e3e80000)
 ParOldGen       total 128512K, used 8K [0x00000000a0000000, 0x00000000a7d80000, 0x00000000e0000000)
  object space 128512K, 0% used [0x00000000a0000000,0x00000000a0002000,0x00000000a7d80000)
 Metaspace       used 8799K, capacity 8998K, committed 9216K, reserved 1056768K
  class space    used 1157K, capacity 1249K, committed 1280K, reserved 1048576K
}

Deoptimization events (10 events):
Event: 3.028 Thread 0x0000000001de8800 Uncommon trap: reason=unstable_if action=reinterpret pc=0x0000000002760e9c method=java.io.WinNTFileSystem.normalize(Ljava/lang/String;)Ljava/lang/String; @ 128
Event: 3.039 Thread 0x0000000001de8800 Uncommon trap: reason=unstable_if action=reinterpret pc=0x0000000002724fa0 method=java.lang.String.substring(I)Ljava/lang/String; @ 35
Event: 3.143 Thread 0x0000000001de8800 Uncommon trap: reason=bimorphic action=maybe_recompile pc=0x0000000002735b18 method=java.util.HashMap.putVal(ILjava/lang/Object;Ljava/lang/Object;ZZ)Ljava/lang/Object; @ 203
Event: 3.143 Thread 0x0000000001de8800 Uncommon trap: reason=bimorphic action=maybe_recompile pc=0x0000000002735b18 method=java.util.HashMap.putVal(ILjava/lang/Object;Ljava/lang/Object;ZZ)Ljava/lang/Object; @ 203
Event: 3.499 Thread 0x0000000001de8800 Uncommon trap: reason=unstable_if action=reinterpret pc=0x0000000002784470 method=java.util.LinkedHashMap.afterNodeInsertion(Z)V @ 1
Event: 3.521 Thread 0x0000000001de8800 Uncommon trap: reason=bimorphic action=maybe_recompile pc=0x0000000002867ba0 method=java.util.HashMap.putVal(ILjava/lang/Object;Ljava/lang/Object;ZZ)Ljava/lang/Object; @ 91
Event: 3.522 Thread 0x0000000001de8800 Uncommon trap: reason=bimorphic action=maybe_recompile pc=0x0000000002867ba0 method=java.util.HashMap.putVal(ILjava/lang/Object;Ljava/lang/Object;ZZ)Ljava/lang/Object; @ 91
Event: 3.548 Thread 0x0000000001de8800 Uncommon trap: reason=unstable_if action=reinterpret pc=0x00000000026de4d8 method=sun.misc.MetaIndex.mayContain(Ljava/lang/String;)Z @ 38
Event: 3.598 Thread 0x00000000192ab800 Uncommon trap: reason=bimorphic action=maybe_recompile pc=0x0000000002884030 method=java.util.HashMap.putVal(ILjava/lang/Object;Ljava/lang/Object;ZZ)Ljava/lang/Object; @ 253
Event: 3.598 Thread 0x00000000192ab800 Uncommon trap: reason=bimorphic action=maybe_recompile pc=0x0000000002884030 method=java.util.HashMap.putVal(ILjava/lang/Object;Ljava/lang/Object;ZZ)Ljava/lang/Object; @ 253

Internal exceptions (10 events):
Event: 3.551 Thread 0x0000000019208000 Exception <a 'java/lang/NoSuchMethodError': <clinit>> (0x00000000e0b2a2a8) thrown at [C:\re\workspace\8-2-build-windows-amd64-cygwin\jdk8u101\7261\hotspot\src\share\vm\prims\jni.cpp, line 1613]
Event: 3.552 Thread 0x0000000019208000 Exception <a 'java/lang/NoSuchMethodError': <clinit>> (0x00000000e0b39470) thrown at [C:\re\workspace\8-2-build-windows-amd64-cygwin\jdk8u101\7261\hotspot\src\share\vm\prims\jni.cpp, line 1613]
Event: 3.571 Thread 0x0000000019208000 Exception <a 'java/lang/NoSuchMethodError': <clinit>> (0x00000000e0bb49a8) thrown at [C:\re\workspace\8-2-build-windows-amd64-cygwin\jdk8u101\7261\hotspot\src\share\vm\prims\jni.cpp, line 1613]
Event: 3.575 Thread 0x0000000019208000 Exception <a 'java/lang/NoSuchMethodError': <clinit>> (0x00000000e0bc5070) thrown at [C:\re\workspace\8-2-build-windows-amd64-cygwin\jdk8u101\7261\hotspot\src\share\vm\prims\jni.cpp, line 1613]
Event: 3.578 Thread 0x0000000019208000 Exception <a 'java/lang/NoSuchMethodError': <clinit>> (0x00000000e0be8cc8) thrown at [C:\re\workspace\8-2-build-windows-amd64-cygwin\jdk8u101\7261\hotspot\src\share\vm\prims\jni.cpp, line 1613]
Event: 3.590 Thread 0x00000000192ab800 Exception <a 'java/lang/NoSuchMethodError': <clinit>> (0x00000000e0ccf128) thrown at [C:\re\workspace\8-2-build-windows-amd64-cygwin\jdk8u101\7261\hotspot\src\share\vm\prims\jni.cpp, line 1613]
Event: 3.591 Thread 0x00000000192ab800 Exception <a 'java/lang/NoSuchMethodError': <clinit>> (0x00000000e0cd73b0) thrown at [C:\re\workspace\8-2-build-windows-amd64-cygwin\jdk8u101\7261\hotspot\src\share\vm\prims\jni.cpp, line 1613]
Event: 3.625 Thread 0x00000000192ab800 Exception <a 'java/lang/ArrayIndexOutOfBoundsException'> (0x00000000e0f4acb0) thrown at [C:\re\workspace\8-2-build-windows-amd64-cygwin\jdk8u101\7261\hotspot\src\share\vm\runtime\sharedRuntime.cpp, line 605]
Event: 3.641 Thread 0x00000000192ab800 Exception <a 'java/lang/ArrayIndexOutOfBoundsException'> (0x00000000e101c540) thrown at [C:\re\workspace\8-2-build-windows-amd64-cygwin\jdk8u101\7261\hotspot\src\share\vm\runtime\sharedRuntime.cpp, line 605]
Event: 3.641 Thread 0x00000000192ab800 Exception <a 'java/lang/ArrayIndexOutOfBoundsException'> (0x00000000e101d8c8) thrown at [C:\re\workspace\8-2-build-windows-amd64-cygwin\jdk8u101\7261\hotspot\src\share\vm\runtime\sharedRuntime.cpp, line 605]

Events (10 events):
Event: 3.767 loading class org/gradle/cache/internal/DefaultCacheRepository
Event: 3.767 loading class org/gradle/cache/internal/DefaultCacheRepository done
Event: 3.767 loading class org/gradle/cache/CacheBuilder
Event: 3.767 loading class org/gradle/cache/CacheBuilder done
Event: 3.768 loading class org/gradle/internal/classpath/DefaultCachedClasspathTransformer
Event: 3.768 loading class org/gradle/internal/classpath/DefaultCachedClasspathTransformer done
Event: 3.768 loading class org/gradle/internal/file/JarCache
Event: 3.769 loading class org/gradle/internal/file/JarCache done
Event: 3.769 loading class com/google/common/cache/CacheBuilder
Event: 3.769 loading class com/google/common/cache/CacheBuilder done


Dynamic libraries:
0x000000013fcb0000 - 0x000000013fce7000 	C:\Program Files\Java\jdk1.8.0_101\bin\java.exe
0x0000000077640000 - 0x00000000777ea000 	C:\Windows\SYSTEM32\ntdll.dll
0x0000000077420000 - 0x000000007753f000 	C:\Windows\system32\kernel32.dll
0x000007fefd350000 - 0x000007fefd3ba000 	C:\Windows\system32\KERNELBASE.dll
0x000007fefe7b0000 - 0x000007fefe88b000 	C:\Windows\system32\ADVAPI32.dll
0x000007fefecf0000 - 0x000007fefed8f000 	C:\Windows\system32\msvcrt.dll
0x000007fefe610000 - 0x000007fefe62f000 	C:\Windows\SYSTEM32\sechost.dll
0x000007feff800000 - 0x000007feff92d000 	C:\Windows\system32\RPCRT4.dll
0x0000000077540000 - 0x000000007763a000 	C:\Windows\system32\USER32.dll
0x000007fefd810000 - 0x000007fefd877000 	C:\Windows\system32\GDI32.dll
0x000007fefe7a0000 - 0x000007fefe7ae000 	C:\Windows\system32\LPK.dll
0x000007feff5d0000 - 0x000007feff69b000 	C:\Windows\system32\USP10.dll
0x000007fefb700000 - 0x000007fefb8f4000 	C:\Windows\WinSxS\amd64_microsoft.windows.common-controls_6595b64144ccf1df_6.0.7601.18837_none_fa3b1e3d17594757\COMCTL32.dll
0x000007fefd6f0000 - 0x000007fefd761000 	C:\Windows\system32\SHLWAPI.dll
0x000007fefe930000 - 0x000007fefe95e000 	C:\Windows\system32\IMM32.DLL
0x000007feff6f0000 - 0x000007feff7f9000 	C:\Windows\system32\MSCTF.dll
0x0000000063f60000 - 0x0000000064032000 	C:\Program Files\Java\jdk1.8.0_101\jre\bin\msvcr100.dll
0x0000000051370000 - 0x0000000051c0a000 	C:\Program Files\Java\jdk1.8.0_101\jre\bin\server\jvm.dll
0x000007fefa2c0000 - 0x000007fefa2c9000 	C:\Windows\system32\WSOCK32.dll
0x000007feff6a0000 - 0x000007feff6ed000 	C:\Windows\system32\WS2_32.dll
0x000007fefe630000 - 0x000007fefe638000 	C:\Windows\system32\NSI.dll
0x000007fefb290000 - 0x000007fefb2cb000 	C:\Windows\system32\WINMM.dll
0x000007fefc260000 - 0x000007fefc26c000 	C:\Windows\system32\VERSION.dll
0x0000000077800000 - 0x0000000077807000 	C:\Windows\system32\PSAPI.DLL
0x000000006d750000 - 0x000000006d75f000 	C:\Program Files\Java\jdk1.8.0_101\jre\bin\verify.dll
0x0000000064420000 - 0x0000000064449000 	C:\Program Files\Java\jdk1.8.0_101\jre\bin\java.dll
0x0000000180000000 - 0x0000000180030000 	C:\Windows\system32\jvmhook.dll
0x000007fefef20000 - 0x000007feff11c000 	C:\Windows\system32\ole32.dll
0x000007fefe6c0000 - 0x000007fefe79a000 	C:\Windows\system32\OLEAUT32.dll
0x000007fef5f10000 - 0x000007fef5fae000 	C:\Windows\system32\MSVCP140.dll
0x000007fef5ef0000 - 0x000007fef5f07000 	C:\Windows\system32\VCRUNTIME140.dll
0x000007fef5ee0000 - 0x000007fef5ee4000 	C:\Windows\system32\api-ms-win-crt-runtime-l1-1-0.dll
0x000007fef5de0000 - 0x000007fef5ed4000 	C:\Windows\system32\ucrtbase.DLL
0x000007fef5dd0000 - 0x000007fef5dd3000 	C:\Windows\system32\api-ms-win-core-timezone-l1-1-0.dll
0x000007fef5dc0000 - 0x000007fef5dc3000 	C:\Windows\system32\api-ms-win-core-file-l2-1-0.dll
0x000007fef5db0000 - 0x000007fef5db3000 	C:\Windows\system32\api-ms-win-core-localization-l1-2-0.dll
0x000007fef5da0000 - 0x000007fef5da3000 	C:\Windows\system32\api-ms-win-core-synch-l1-2-0.dll
0x000007fef5d90000 - 0x000007fef5d93000 	C:\Windows\system32\api-ms-win-core-processthreads-l1-1-1.dll
0x000007fef5d80000 - 0x000007fef5d83000 	C:\Windows\system32\api-ms-win-core-file-l1-2-0.dll
0x000007fef5d70000 - 0x000007fef5d74000 	C:\Windows\system32\api-ms-win-crt-string-l1-1-0.dll
0x000007fef5d60000 - 0x000007fef5d63000 	C:\Windows\system32\api-ms-win-crt-heap-l1-1-0.dll
0x000007fef5d50000 - 0x000007fef5d54000 	C:\Windows\system32\api-ms-win-crt-stdio-l1-1-0.dll
0x000007fef5d40000 - 0x000007fef5d44000 	C:\Windows\system32\api-ms-win-crt-convert-l1-1-0.dll
0x000007fef5d30000 - 0x000007fef5d33000 	C:\Windows\system32\api-ms-win-crt-locale-l1-1-0.dll
0x000007fef5d20000 - 0x000007fef5d25000 	C:\Windows\system32\api-ms-win-crt-math-l1-1-0.dll
0x000007fef5d10000 - 0x000007fef5d15000 	C:\Windows\system32\api-ms-win-crt-multibyte-l1-1-0.dll
0x000007fef5d00000 - 0x000007fef5d03000 	C:\Windows\system32\api-ms-win-crt-time-l1-1-0.dll
0x000007fef5370000 - 0x000007fef5373000 	C:\Windows\system32\api-ms-win-crt-filesystem-l1-1-0.dll
0x000007fef5360000 - 0x000007fef5363000 	C:\Windows\system32\api-ms-win-crt-environment-l1-1-0.dll
0x000007fef5350000 - 0x000007fef5353000 	C:\Windows\system32\api-ms-win-crt-utility-l1-1-0.dll
0x0000000064400000 - 0x0000000064416000 	C:\Program Files\Java\jdk1.8.0_101\jre\bin\zip.dll
0x000007fefd880000 - 0x000007fefe60b000 	C:\Windows\system32\SHELL32.dll
0x000007fefd330000 - 0x000007fefd33f000 	C:\Windows\system32\profapi.dll
0x0000000063f40000 - 0x0000000063f5a000 	C:\Program Files\Java\jdk1.8.0_101\jre\bin\net.dll
0x000007fefcb20000 - 0x000007fefcb75000 	C:\Windows\system32\mswsock.dll
0x000007fefcd40000 - 0x000007fefcd47000 	C:\Windows\System32\wship6.dll
0x0000000063f20000 - 0x0000000063f31000 	C:\Program Files\Java\jdk1.8.0_101\jre\bin\nio.dll
0x000007fedfdd0000 - 0x000007fedfdee000 	C:\Users\I005\.gradle\native\23\windows-amd64\native-platform.dll
0x000007fefcab0000 - 0x000007fefcac8000 	C:\Windows\system32\CRYPTSP.dll
0x000007fefc850000 - 0x000007fefc897000 	C:\Windows\system32\rsaenh.dll
0x000007fefd550000 - 0x000007fefd56e000 	C:\Windows\system32\USERENV.dll
0x000007fefd1d0000 - 0x000007fefd1df000 	C:\Windows\system32\CRYPTBASE.dll
0x000007fefa2e0000 - 0x000007fefa307000 	C:\Windows\system32\IPHLPAPI.DLL
0x000007fefa2d0000 - 0x000007fefa2db000 	C:\Windows\system32\WINNSI.DLL
0x000007fef5ca0000 - 0x000007fef5cb8000 	C:\Windows\system32\dhcpcsvc.DLL
0x000007fef5c80000 - 0x000007fef5c91000 	C:\Windows\system32\dhcpcsvc6.DLL
0x00000000643f0000 - 0x00000000643fd000 	C:\Program Files\Java\jdk1.8.0_101\jre\bin\management.dll

VM Arguments:
jvm_args: -agentlib:jvmhook -Xmx1536m -Dfile.encoding=windows-1252 -Duser.country=CA -Duser.language=en -Duser.variant -Xrunjvmhook -Xbootclasspath/a:C:\Program Files (x86)\HPE\Sprinter\bin\java_shared\classes;C:\Program Files (x86)\HPE\Sprinter\\bin\java_shared\classes\jasmine.jar 
java_command: org.gradle.launcher.daemon.bootstrap.GradleDaemon 3.3
java_class_path (initial): C:\Users\I005\.gradle\wrapper\dists\gradle-3.3-all\55gk2rcmfc6p2dg9u9ohc3hw9\gradle-3.3\lib\gradle-launcher-3.3.jar
Launcher Type: SUN_STANDARD

Environment Variables:
JAVA_HOME=C:\Program Files\Java\jdk1.8.0_101
JAVA_TOOL_OPTIONS=-agentlib:jvmhook
_JAVA_OPTIONS=-Xrunjvmhook -Xbootclasspath/a:"C:\Program Files (x86)\HPE\Sprinter\bin\java_shared\classes";"C:\Program Files (x86)\HPE\Sprinter\\bin\java_shared\classes\jasmine.jar"
PATH=C:\ProgramData\Oracle\Java\javapath;C:\Windows\system32;C:\Windows;C:\Windows\System32\Wbem;C:\Windows\System32\WindowsPowerShell\v1.0\;C:\Lotus\Notes;C:\Program Files (x86)\Serena\Dimensions 12.2\CM\prog64\;C:\Program Files (x86)\Serena\Dimensions 14.3\CM\prog64;C:\Program Files (x86)\Serena\Dimensions 14.3\CM\prog;C:\Program Files (x86)\Serena\Dimensions 14.3\CM\prog64\;C:\Program Files\nodejs\;C:\Program Files\maven\apache-maven-3.3.9-bin\apache-maven-3.3.9\bin\;C:\Program Files\Java\jdk1.8.0_101\bin\;C:\Program Files (x86)\Personal Communications\;C:\Program Files (x86)\IBM\Trace Facility\;C:\ram\maven\apache-maven-3.3.9-bin\bin
USERNAME=i005
OS=Windows_NT
PROCESSOR_IDENTIFIER=Intel64 Family 6 Model 69 Stepping 1, GenuineIntel



---------------  S Y S T E M  ---------------

OS: Windows 7 , 64 bit Build 7601 (6.1.7601.23807)

CPU:total 4 (2 cores per cpu, 2 threads per core) family 6 model 69 stepping 1, cmov, cx8, fxsr, mmx, sse, sse2, sse3, ssse3, sse4.1, sse4.2, popcnt, avx, avx2, aes, clmul, erms, lzcnt, ht, tsc, tscinvbit, bmi1, bmi2

Memory: 4k page, physical 12262084k(2646104k free), swap 12565240k(5172k free)

vm_info: Java HotSpot(TM) 64-Bit Server VM (25.101-b13) for windows-amd64 JRE (1.8.0_101-b13), built on Jun 22 2016 01:21:29 by "java_re" with MS VC++ 10.0 (VS2010)

time: Wed Jun 21 13:33:16 2017
elapsed time: 3 seconds (0d 0h 0m 3s)

