JvmtiExport can_access_local_variables 0
JvmtiExport can_hotswap_or_post_breakpoint 0
JvmtiExport can_post_on_exceptions 0
# 469 ciObject found
ciMethod java/lang/Object <init> ()V 4097 1 132954 0 0
ciMethod java/lang/Object hashCode ()I 2049 1 256 0 -1
ciMethod java/lang/Object equals (Ljava/lang/Object;)Z 1697 1 1998 0 -1
ciMethod java/lang/Object clone ()Ljava/lang/Object; 2049 1 256 0 -1
ciMethod java/lang/String <init> ([CII)V 2665 1 5841 0 704
ciMethod java/lang/String <init> ([BIILjava/lang/String;)V 3073 1 885 0 -1
ciMethod java/lang/String <init> ([CZ)V 2057 1 10291 0 64
ciMethod java/lang/String length ()I 4097 1 85056 0 0
ciMethod java/lang/String charAt (I)C 4097 1 819636 0 -1
ciMethod java/lang/String codePointAt (I)I 577 1 3196 0 -1
ciMethod java/lang/String getChars ([CI)V 3089 1 5555 0 0
ciMethod java/lang/String equals (Ljava/lang/Object;)Z 2073 12257 2751 0 -1
ciMethod java/lang/String equalsIgnoreCase (Ljava/lang/String;)Z 2097 1 5440 0 1472
ciMethod java/lang/String regionMatches (ZILjava/lang/String;II)Z 1537 561 3432 0 0
ciMethod java/lang/String startsWith (Ljava/lang/String;)Z 2409 1 22214 0 -1
ciMethod java/lang/String hashCode ()I 2753 32769 1167 0 288
ciMethod java/lang/String lastIndexOf (I)I 2161 1 11602 0 288
ciMethod java/lang/String lastIndexOf (II)I 1033 53353 781 0 288
ciMethod java/lang/String lastIndexOfSupplementary (II)I 0 0 1 0 -1
ciMethod java/lang/String indexOf (Ljava/lang/String;)I 2057 1 4347 0 -1
ciMethod java/lang/String substring (II)Ljava/lang/String; 2961 1 5599 0 960
ciMethod java/lang/String concat (Ljava/lang/String;)Ljava/lang/String; 3081 1 5555 0 896
ciMethod java/lang/String replace (CC)Ljava/lang/String; 1161 57737 975 0 1120
ciMethod java/lang/String toUpperCase (Ljava/util/Locale;)Ljava/lang/String; 569 14601 827 0 0
ciMethod java/lang/ClassLoader defineClass (Ljava/lang/String;[BIILjava/security/ProtectionDomain;)Ljava/lang/Class; 3177 1 1765 0 -1
ciMethod java/lang/ClassLoader definePackage (Ljava/lang/String;Ljava/lang/String;Ljava/lang/String;Ljava/lang/String;Ljava/lang/String;Ljava/lang/String;Ljava/lang/String;Ljava/net/URL;)Ljava/lang/Package; 849 1 286 0 0
ciMethod java/lang/ClassLoader getPackage (Ljava/lang/String;)Ljava/lang/Package; 2081 1 3313 0 0
ciMethod java/lang/System nanoTime ()J 3073 1 384 0 -1
ciMethod java/lang/System arraycopy (Ljava/lang/Object;ILjava/lang/Object;II)V 5121 1 640 0 -1
ciMethod java/lang/Throwable addSuppressed (Ljava/lang/Throwable;)V 0 0 1 0 0
ciMethod java/security/SecureClassLoader defineClass (Ljava/lang/String;[BIILjava/security/CodeSource;)Ljava/lang/Class; 3177 1 1731 0 0
ciMethod java/security/SecureClassLoader defineClass (Ljava/lang/String;Ljava/nio/ByteBuffer;Ljava/security/CodeSource;)Ljava/lang/Class; 0 0 1 0 -1
ciMethod java/security/SecureClassLoader getProtectionDomain (Ljava/security/CodeSource;)Ljava/security/ProtectionDomain; 3177 1 1765 0 -1
ciMethod java/lang/ref/Reference get ()Ljava/lang/Object; 1041 1 130 0 -1
ciMethod java/lang/ref/Reference <init> (Ljava/lang/Object;)V 1393 1 1675 0 0
ciMethod java/lang/ref/Reference <init> (Ljava/lang/Object;Ljava/lang/ref/ReferenceQueue;)V 2065 1 9726 0 0
ciMethod java/lang/ref/SoftReference <init> (Ljava/lang/Object;)V 1281 1 743 0 0
ciMethod java/lang/ref/SoftReference get ()Ljava/lang/Object; 2129 1 3923 0 0
ciMethod java/lang/Thread currentThread ()Ljava/lang/Thread; 2049 1 256 0 -1
ciMethod java/lang/Thread interrupt ()V 0 0 1 0 -1
ciMethod java/lang/Thread interrupted ()Z 4097 1 1874 0 -1
ciMethod java/util/Map get (Ljava/lang/Object;)Ljava/lang/Object; 0 0 1 0 -1
ciMethod java/util/Map put (Ljava/lang/Object;Ljava/lang/Object;)Ljava/lang/Object; 0 0 1 0 -1
ciMethod java/util/Hashtable <init> (IF)V 2049 1 496 0 0
ciMethod java/util/Hashtable <init> (I)V 993 1 123 0 0
ciMethod java/util/Hashtable <init> ()V 2049 1 373 0 0
ciMethod java/util/Dictionary <init> ()V 2049 1 496 0 0
ciMethod java/io/ByteArrayInputStream <init> ([B)V 161 1 123 0 0
ciMethod java/io/InputStream <init> ()V 2057 1 4769 0 0
ciMethod java/io/InputStream read ([BII)I 9 1489 1 0 -1
ciMethod java/io/InputStream close ()V 0 0 1 0 -1
ciMethod java/io/File <init> (Ljava/io/File;Ljava/lang/String;)V 2057 1 371 0 -1
ciMethod java/io/File getPath ()Ljava/lang/String; 1025 1 128 0 -1
ciMethod java/io/File getCanonicalFile ()Ljava/io/File; 289 1 36 0 -1
ciMethod java/io/File exists ()Z 2049 1 420 0 -1
ciMethod java/net/URLClassLoader getAndVerifyPackage (Ljava/lang/String;Ljava/util/jar/Manifest;Ljava/net/URL;)Ljava/lang/Package; 3105 1 1738 0 0
ciMethod java/net/URLClassLoader definePackageInternal (Ljava/lang/String;Ljava/util/jar/Manifest;Ljava/net/URL;)V 3105 1 1730 0 0
ciMethod java/net/URLClassLoader defineClass (Ljava/lang/String;Lsun/misc/Resource;)Ljava/lang/Class; 1129 1 1730 0 0
ciMethod java/net/URLClassLoader definePackage (Ljava/lang/String;Ljava/util/jar/Manifest;Ljava/net/URL;)Ljava/lang/Package; 849 1 286 0 0
ciMethod java/net/URLClassLoader isSealed (Ljava/lang/String;Ljava/util/jar/Manifest;)Z 2049 1 1452 0 0
ciMethod java/net/URLClassLoader access$000 (Ljava/net/URLClassLoader;)Lsun/misc/URLClassPath; 1065 1 133 0 0
ciMethod java/net/URLClassLoader access$100 (Ljava/net/URLClassLoader;Ljava/lang/String;Lsun/misc/Resource;)Ljava/lang/Class; 1129 1 1728 0 0
ciMethod java/net/URL <init> (Ljava/net/URL;Ljava/lang/String;)V 2105 1 1021 0 -1
ciMethod java/net/URL getFile ()Ljava/lang/String; 1065 1 133 0 -1
ciMethod java/util/jar/Manifest <init> (Ljava/io/InputStream;)V 153 1 119 0 0
ciMethod java/util/jar/Manifest getMainAttributes ()Ljava/util/jar/Attributes; 1025 1 128 0 0
ciMethod java/util/jar/Manifest getEntries ()Ljava/util/Map; 1025 1 128 0 0
ciMethod java/util/jar/Manifest getAttributes (Ljava/lang/String;)Ljava/util/jar/Attributes; 2793 1 1835 0 0
ciMethod java/util/jar/Manifest read (Ljava/io/InputStream;)V 153 1 120 0 -1
ciMethod java/util/jar/Manifest parseName ([BI)Ljava/lang/String; 305 1 38 0 -1
ciMethod java/security/CodeSource <init> (Ljava/net/URL;[Ljava/security/CodeSigner;)V 3177 1 1730 0 0
ciMethod java/lang/Character charCount (I)I 761 1 5512 0 -1
ciMethod java/lang/Character toChars (I[CI)I 0 0 1 0 -1
ciMethod java/lang/Character toChars (I)[C 0 0 1 0 -1
ciMethod java/lang/Character toLowerCase (C)C 2169 1 17423 0 192
ciMethod java/lang/Character toLowerCase (I)I 4097 1 145471 0 0
ciMethod java/lang/Character toUpperCase (C)C 3665 1 16881 0 192
ciMethod java/lang/Character toUpperCase (I)I 3665 1 16881 0 0
ciMethod java/lang/Character toUpperCaseEx (I)I 3073 1 26729 0 -1
ciMethod java/lang/Character toUpperCaseCharArray (I)[C 0 0 1 0 -1
ciMethod java/lang/Float isNaN (F)Z 2049 1 1933 0 0
ciMethod java/lang/Float floatToRawIntBits (F)I 9 1 1 0 -1
ciMethod java/util/Comparator compare (Ljava/lang/Object;Ljava/lang/Object;)I 0 0 1 0 -1
ciMethod java/security/AccessController doPrivileged (Ljava/security/PrivilegedAction;)Ljava/lang/Object; 3881 1 470 0 -1
ciMethod java/util/List add (Ljava/lang/Object;)Z 0 0 1 0 -1
ciMethod java/util/AbstractList <init> ()V 2049 1 7363 0 32
ciMethod java/util/AbstractCollection <init> ()V 609 1 10670 0 32
ciMethod java/util/ArrayList <init> (I)V 2065 1 279 0 -1
ciMethod java/util/ArrayList <init> ()V 1265 1 4633 0 0
ciMethod java/util/ArrayList get (I)Ljava/lang/Object; 2049 1 7033 0 -1
ciMethod java/util/AbstractMap <init> ()V 617 1 3678 0 0
ciMethod java/util/HashMap hash (Ljava/lang/Object;)I 2105 1 18784 0 160
ciMethod java/util/HashMap tableSizeFor (I)I 2049 1 1045 0 -1
ciMethod java/util/HashMap <init> (IF)V 1969 1 1036 0 0
ciMethod java/util/HashMap <init> (I)V 537 1 354 0 0
ciMethod java/util/HashMap <init> ()V 265 1 1583 0 0
ciMethod java/util/HashMap get (Ljava/lang/Object;)Ljava/lang/Object; 2185 1 10596 0 544
ciMethod java/util/HashMap getNode (ILjava/lang/Object;)Ljava/util/HashMap$Node; 2817 1 11670 0 544
ciMethod java/util/HashMap put (Ljava/lang/Object;Ljava/lang/Object;)Ljava/lang/Object; 2145 1 5657 0 224
ciMethod java/util/HashMap putVal (ILjava/lang/Object;Ljava/lang/Object;ZZ)Ljava/lang/Object; 2057 57 5790 0 1120
ciMethod java/util/HashMap resize ()[Ljava/util/HashMap$Node; 297 593 1135 0 -1
ciMethod java/util/HashMap treei